Building Windows application...                                 
lib/features/food_search/food_search_screen.dart(26,7): error G76B49859: The non-abstract class '_FoodSearchScreenState' is missing implementations for these members: [C:\Users\jayes\OneDrive\Desktop\Ai App\macro_tracker_ai\build\windows\x64\flutter\flutter_assemble.vcxproj]
lib/features/logging/logging_screen.dart(86,24): error GC9768DF9: Undefined name 'AppTheme'. [C:\Users\jayes\OneDrive\Desktop\Ai App\macro_tracker_ai\build\windows\x64\flutter\flutter_assemble.vcxproj]
lib/features/logging/logging_screen.dart(88,24): error GC9768DF9: Undefined name 'AppTheme'. [C:\Users\jayes\OneDrive\Desktop\Ai App\macro_tracker_ai\build\windows\x64\flutter\flutter_assemble.vcxproj]
lib/features/logging/logging_screen.dart(109,24): error GC9768DF9: Undefined name 'AppTheme'. [C:\Users\jayes\OneDrive\Desktop\Ai App\macro_tracker_ai\build\windows\x64\flutter\flutter_assemble.vcxproj]
lib/features/logging/logging_screen.dart(111,24): error GC9768DF9: Undefined name 'AppTheme'. [C:\Users\jayes\OneDrive\Desktop\Ai App\macro_tracker_ai\build\windows\x64\flutter\flutter_assemble.vcxproj]
lib/features/logging/logging_screen.dart(155,86): error GC9768DF9: Undefined name 'AppTheme'. [C:\Users\jayes\OneDrive\Desktop\Ai App\macro_tracker_ai\build\windows\x64\flutter\flutter_assemble.vcxproj]
lib/features/logging/logging_screen.dart(216,52): error GC9768DF9: Undefined name 'AppTheme'. [C:\Users\jayes\OneDrive\Desktop\Ai App\macro_tracker_ai\build\windows\x64\flutter\flutter_assemble.vcxproj]
lib/features/logging/logging_screen.dart(218,51): error GC9768DF9: Undefined name 'AppTheme'. [C:\Users\jayes\OneDrive\Desktop\Ai App\macro_tracker_ai\build\windows\x64\flutter\flutter_assemble.vcxproj]
lib/features/logging/logging_screen.dart(220,55): error GC9768DF9: Undefined name 'AppTheme'. [C:\Users\jayes\OneDrive\Desktop\Ai App\macro_tracker_ai\build\windows\x64\flutter\flutter_assemble.vcxproj]
lib/features/logging/logging_screen.dart(223,87): error GC9768DF9: Undefined name 'AppTheme'. [C:\Users\jayes\OneDrive\Desktop\Ai App\macro_tracker_ai\build\windows\x64\flutter\flutter_assemble.vcxproj]
lib/features/logging/logging_screen.dart(224,87): error GC9768DF9: Undefined name 'AppTheme'. [C:\Users\jayes\OneDrive\Desktop\Ai App\macro_tracker_ai\build\windows\x64\flutter\flutter_assemble.vcxproj]
lib/features/logging/logging_screen.dart(244,77): error GC9768DF9: Undefined name 'AppTheme'. [C:\Users\jayes\OneDrive\Desktop\Ai App\macro_tracker_ai\build\windows\x64\flutter\flutter_assemble.vcxproj]
lib/features/logging/logging_screen.dart(267,74): error GC9768DF9: Undefined name 'AppTheme'. [C:\Users\jayes\OneDrive\Desktop\Ai App\macro_tracker_ai\build\windows\x64\flutter\flutter_assemble.vcxproj]
lib/features/logging/logging_screen.dart(302,53): error GC9768DF9: Undefined name 'AppTheme'. [C:\Users\jayes\OneDrive\Desktop\Ai App\macro_tracker_ai\build\windows\x64\flutter\flutter_assemble.vcxproj]
lib/features/logging/logging_screen.dart(306,47): error GC9768DF9: Undefined name 'AppTheme'. [C:\Users\jayes\OneDrive\Desktop\Ai App\macro_tracker_ai\build\windows\x64\flutter\flutter_assemble.vcxproj]
lib/features/logging/logging_screen.dart(164,24): error G4127D1E8: The getter 'AppTheme' isn't defined for the class '_LoggingScreenState'. [C:\Users\jayes\OneDrive\Desktop\Ai App\macro_tracker_ai\build\windows\x64\flutter\flutter_assemble.vcxproj]
lib/features/logging/logging_screen.dart(239,51): error G4127D1E8: The getter 'AppTheme' isn't defined for the class '_LoggingScreenState'. [C:\Users\jayes\OneDrive\Desktop\Ai App\macro_tracker_ai\build\windows\x64\flutter\flutter_assemble.vcxproj]
lib/features/logging/logging_screen.dart(247,29): error GE5CFE876: The method 'DateFormat' isn't defined for the class '_LoggingScreenState'. [C:\Users\jayes\OneDrive\Desktop\Ai App\macro_tracker_ai\build\windows\x64\flutter\flutter_assemble.vcxproj]
lib/features/logging/logging_screen.dart(262,51): error G4127D1E8: The getter 'AppTheme' isn't defined for the class '_LoggingScreenState'. [C:\Users\jayes\OneDrive\Desktop\Ai App\macro_tracker_ai\build\windows\x64\flutter\flutter_assemble.vcxproj]
C:\Program Files\Microsoft Visual Studio\2022\Community\MSBuild\Microsoft\VC\v170\Microsoft.CppCommon.targets(254,5): error MSB8066: Custom build for 'C:\Users\jayes\OneDrive\Desktop\Ai App\macro_tracker_ai\build\windows\x64\CMakeFiles\75ca61a62cb25edf2af061be489f7d66\flutter_windows.dll.rule;C:\Users\jayes\OneDrive\Desktop\Ai App\macro_tracker_ai\build\windows\x64\CMakeFiles\87a4be2da555580c5f36f164fff74c40\flutter_assemble.rule' exited with code 1. [C:\Users\jayes\OneDrive\Desktop\Ai App\macro_tracker_ai\build\windows\x64\flutter\flutter_assemble.vcxproj]
Building Windows application...                                    34.2s
Build process failed.
